Performing nu-SVR
nu = 0.05
C = 0.1
done fitting -- total fit time was 0.003350496292114258
sampName in nuSVR 1850
rmse = 0.4641718636958283
nu = 0.1
C = 0.1
done fitting -- total fit time was 0.0040912628173828125
sampName in nuSVR 1850
rmse = 0.4962115499719977
nu = 0.15
C = 0.1
done fitting -- total fit time was 0.0040700435638427734
sampName in nuSVR 1850
rmse = 0.5431617733693711
nu = 0.25
C = 0.1
done fitting -- total fit time was 0.0031723976135253906
sampName in nuSVR 1850
rmse = 0.5430701628761146
nu = 0.5
C = 0.1
done fitting -- total fit time was 0.0031392574310302734
sampName in nuSVR 1850
rmse = 0.5431574181668907
nu = 0.6
C = 0.1
done fitting -- total fit time was 0.004429340362548828
sampName in nuSVR 1850
rmse = 0.5431305046585455
nu = 0.75
C = 0.1
done fitting -- total fit time was 0.0036172866821289062
sampName in nuSVR 1850
rmse = 0.5432296817443023
nu = 0.8
C = 0.1
done fitting -- total fit time was 0.003221750259399414
sampName in nuSVR 1850
rmse = 0.543249179255273
nu = 0.85
C = 0.1
done fitting -- total fit time was 0.0031464099884033203
sampName in nuSVR 1850
rmse = 0.543249179255273
nu = 0.05
C = 0.25
done fitting -- total fit time was 0.0031692981719970703
sampName in nuSVR 1850
rmse = 0.5337957986137429
nu = 0.1
C = 0.25
done fitting -- total fit time was 0.0031304359436035156
sampName in nuSVR 1850
rmse = 0.5431617733693711
nu = 0.15
C = 0.25
done fitting -- total fit time was 0.0032041072845458984
sampName in nuSVR 1850
rmse = 0.5431617733693711
nu = 0.25
C = 0.25
done fitting -- total fit time was 0.0032062530517578125
sampName in nuSVR 1850
rmse = 0.5430701628761148
nu = 0.5
C = 0.25
done fitting -- total fit time was 0.0045735836029052734
sampName in nuSVR 1850
rmse = 0.5431574181668906
nu = 0.6
C = 0.25
done fitting -- total fit time was 0.0044155120849609375
sampName in nuSVR 1850
rmse = 0.5432541849867326
nu = 0.75
C = 0.25
done fitting -- total fit time was 0.0033872127532958984
sampName in nuSVR 1850
rmse = 0.5432296817443021
nu = 0.8
C = 0.25
done fitting -- total fit time was 0.003096342086791992
sampName in nuSVR 1850
rmse = 0.5432491792552729
nu = 0.85
C = 0.25
done fitting -- total fit time was 0.003137826919555664
sampName in nuSVR 1850
rmse = 0.5432491792552734
nu = 0.05
C = 0.5
done fitting -- total fit time was 0.003152132034301758
sampName in nuSVR 1850
rmse = 0.5431617733693711
nu = 0.1
C = 0.5
done fitting -- total fit time was 0.003118276596069336
sampName in nuSVR 1850
rmse = 0.543161773369371
nu = 0.15
C = 0.5
done fitting -- total fit time was 0.003114461898803711
sampName in nuSVR 1850
rmse = 0.5431617733693711
nu = 0.25
C = 0.5
done fitting -- total fit time was 0.0031435489654541016
sampName in nuSVR 1850
rmse = 0.5430701628761145
nu = 0.5
C = 0.5
done fitting -- total fit time was 0.0031037330627441406
sampName in nuSVR 1850
rmse = 0.5431574181668907
nu = 0.6
C = 0.5
done fitting -- total fit time was 0.004679679870605469
sampName in nuSVR 1850
rmse = 0.5432093347369417
nu = 0.75
C = 0.5
done fitting -- total fit time was 0.0038073062896728516
sampName in nuSVR 1850
rmse = 0.5432296817443021
nu = 0.8
C = 0.5
done fitting -- total fit time was 0.00482630729675293
sampName in nuSVR 1850
rmse = 0.5432491792552727
nu = 0.85
C = 0.5
done fitting -- total fit time was 0.0033516883850097656
sampName in nuSVR 1850
rmse = 0.5432491792552729
nu = 0.05
C = 0.75
done fitting -- total fit time was 0.0032138824462890625
sampName in nuSVR 1850
rmse = 0.5431617733693711
nu = 0.1
C = 0.75
done fitting -- total fit time was 0.0031995773315429688
sampName in nuSVR 1850
rmse = 0.5431617733693711
nu = 0.15
C = 0.75
done fitting -- total fit time was 0.0031633377075195312
sampName in nuSVR 1850
rmse = 0.5431617733693708
nu = 0.25
C = 0.75
done fitting -- total fit time was 0.003167867660522461
sampName in nuSVR 1850
rmse = 0.5430701628761144
nu = 0.5
C = 0.75
done fitting -- total fit time was 0.003175973892211914
sampName in nuSVR 1850
rmse = 0.5431574181668902
nu = 0.6
C = 0.75
done fitting -- total fit time was 0.0051424503326416016
sampName in nuSVR 1850
rmse = 0.5431574181668898
nu = 0.75
C = 0.75
done fitting -- total fit time was 0.004838228225708008
sampName in nuSVR 1850
rmse = 0.5432296817443008
nu = 0.8
C = 0.75
done fitting -- total fit time was 0.0047550201416015625
sampName in nuSVR 1850
rmse = 0.5432491792552732
nu = 0.85
C = 0.75
done fitting -- total fit time was 0.003451108932495117
sampName in nuSVR 1850
rmse = 0.5432491792552725
nu = 0.05
C = 1
done fitting -- total fit time was 0.0032215118408203125
sampName in nuSVR 1850
rmse = 0.543161773369371
nu = 0.1
C = 1
done fitting -- total fit time was 0.0031769275665283203
sampName in nuSVR 1850
rmse = 0.5431617733693708
nu = 0.15
C = 1
done fitting -- total fit time was 0.004888772964477539
sampName in nuSVR 1850
rmse = 0.5431617733693709
nu = 0.25
C = 1
done fitting -- total fit time was 0.003905773162841797
sampName in nuSVR 1850
rmse = 0.5430701628761149
nu = 0.5
C = 1
done fitting -- total fit time was 0.0033903121948242188
sampName in nuSVR 1850
rmse = 0.5431574181668908
nu = 0.6
C = 1
done fitting -- total fit time was 0.0031032562255859375
sampName in nuSVR 1850
rmse = 0.5431574181668904
nu = 0.75
C = 1
done fitting -- total fit time was 0.003223419189453125
sampName in nuSVR 1850
rmse = 0.5432296817443024
nu = 0.8
C = 1
done fitting -- total fit time was 0.0030951499938964844
sampName in nuSVR 1850
rmse = 0.5432491792552722
nu = 0.85
C = 1
done fitting -- total fit time was 0.003741025924682617
sampName in nuSVR 1850
rmse = 0.5432491792552724
nu = 0.05
C = 10
done fitting -- total fit time was 0.0031104087829589844
sampName in nuSVR 1850
rmse = 0.5431617733693687
nu = 0.1
C = 10
done fitting -- total fit time was 0.005368709564208984
sampName in nuSVR 1850
rmse = 0.5431617733693708
nu = 0.15
C = 10
done fitting -- total fit time was 0.003746509552001953
sampName in nuSVR 1850
rmse = 0.5431617733693824
nu = 0.25
C = 10
done fitting -- total fit time was 0.0035729408264160156
sampName in nuSVR 1850
rmse = 0.5430701628761149
nu = 0.5
C = 10
done fitting -- total fit time was 0.0031638145446777344
sampName in nuSVR 1850
rmse = 0.5431574181668926
nu = 0.6
C = 10
done fitting -- total fit time was 0.005255937576293945
sampName in nuSVR 1850
rmse = 0.543157418166897
nu = 0.75
C = 10
done fitting -- total fit time was 0.0056858062744140625
sampName in nuSVR 1850
rmse = 0.5432296817443052
nu = 0.8
C = 10
done fitting -- total fit time was 0.004503011703491211
sampName in nuSVR 1850
rmse = 0.5432491792552858
nu = 0.85
C = 10
done fitting -- total fit time was 0.004231929779052734
sampName in nuSVR 1850
rmse = 0.5432491792552799
srrName =  1850-NUSVR
1850-NUSVR
dict_keys(['1850'])
srrName =  1850-NUSVR
1850-NUSVR
dict_keys(['1850'])
srrName =  1850-NUSVR
1850-NUSVR
dict_keys(['1850'])
srrName =  1850-NUSVR
1850-NUSVR
dict_keys(['1850'])
srrName =  1850-NUSVR
1850-NUSVR
dict_keys(['1850'])
srrName =  1850-NUSVR
1850-NUSVR
dict_keys(['1850'])
srrName =  1850-NUSVR
1850-NUSVR
dict_keys(['1850'])
srrName =  1850-NUSVR
1850-NUSVR
dict_keys(['1850'])
srrName =  1850-NUSVR
1850-NUSVR
dict_keys(['1850'])
srrName =  1850-NUSVR
1850-NUSVR
dict_keys(['1850'])
srrName =  1850-NUSVR
1850-NUSVR
dict_keys(['1850'])
srrName =  1850-NUSVR
1850-NUSVR
dict_keys(['1850'])
srrName =  1850-NUSVR
1850-NUSVR
dict_keys(['1850'])
srrName =  1850-NUSVR
1850-NUSVR
dict_keys(['1850'])
srrName =  1850-NUSVR
1850-NUSVR
dict_keys(['1850'])
srrName =  1850-NUSVR
1850-NUSVR
dict_keys(['1850'])
srrName =  1850-NUSVR
1850-NUSVR
dict_keys(['1850'])
srrName =  1850-NUSVR
1850-NUSVR
dict_keys(['1850'])
srrName =  1850-NUSVR
1850-NUSVR
dict_keys(['1850'])
srrName =  1850-NUSVR
1850-NUSVR
dict_keys(['1850'])
srrName =  1850-NUSVR
1850-NUSVR
dict_keys(['1850'])
srrName =  1850-NUSVR
1850-NUSVR
dict_keys(['1850'])
srrName =  1850-NUSVR
1850-NUSVR
dict_keys(['1850'])
srrName =  1850-NUSVR
1850-NUSVR
dict_keys(['1850'])
srrName =  1850-NUSVR
1850-NUSVR
dict_keys(['1850'])
srrName =  1850-NUSVR
1850-NUSVR
dict_keys(['1850'])
srrName =  1850-NUSVR
1850-NUSVR
dict_keys(['1850'])
srrName =  1850-NUSVR
1850-NUSVR
dict_keys(['1850'])
srrName =  1850-NUSVR
1850-NUSVR
dict_keys(['1850'])
srrName =  1850-NUSVR
1850-NUSVR
dict_keys(['1850'])
srrName =  1850-NUSVR
1850-NUSVR
dict_keys(['1850'])
srrName =  1850-NUSVR
1850-NUSVR
dict_keys(['1850'])
srrName =  1850-NUSVR
1850-NUSVR
dict_keys(['1850'])
srrName =  1850-NUSVR
1850-NUSVR
dict_keys(['1850'])
srrName =  1850-NUSVR
1850-NUSVR
dict_keys(['1850'])
srrName =  1850-NUSVR
1850-NUSVR
dict_keys(['1850'])
srrName =  1850-NUSVR
1850-NUSVR
dict_keys(['1850'])
srrName =  1850-NUSVR
1850-NUSVR
dict_keys(['1850'])
srrName =  1850-NUSVR
1850-NUSVR
dict_keys(['1850'])
srrName =  1850-NUSVR
1850-NUSVR
dict_keys(['1850'])
srrName =  1850-NUSVR
1850-NUSVR
dict_keys(['1850'])
srrName =  1850-NUSVR
1850-NUSVR
dict_keys(['1850'])
srrName =  1850-NUSVR
1850-NUSVR
dict_keys(['1850'])
srrName =  1850-NUSVR
1850-NUSVR
dict_keys(['1850'])
srrName =  1850-NUSVR
1850-NUSVR
dict_keys(['1850'])
srrName =  1850-NUSVR
1850-NUSVR
dict_keys(['1850'])
srrName =  1850-NUSVR
1850-NUSVR
dict_keys(['1850'])
srrName =  1850-NUSVR
1850-NUSVR
dict_keys(['1850'])
srrName =  1850-NUSVR
1850-NUSVR
dict_keys(['1850'])
srrName =  1850-NUSVR
1850-NUSVR
dict_keys(['1850'])
srrName =  1850-NUSVR
1850-NUSVR
dict_keys(['1850'])
srrName =  1850-NUSVR
1850-NUSVR
dict_keys(['1850'])
srrName =  1850-NUSVR
1850-NUSVR
dict_keys(['1850'])
srrName =  1850-NUSVR
1850-NUSVR
dict_keys(['1850'])
